# JRE version: Java(TM) SE Runtime Environment (8.0_111-b14) (build 1.8.0_111-b14)
# Java VM: Java HotSpot(TM) 64-Bit Server VM (25.111-b14 mixed mode windows-amd64 compressed oops)
Heap:
 PSYoungGen      total 394752K, used 82355K [0x00000000e0000000, 0x00000000fe780000, 0x0000000100000000)
  eden space 297472K, 13% used [0x00000000e0000000,0x00000000e269e8e0,0x00000000f2280000)
  from space 97280K, 44% used [0x00000000f8880000,0x00000000fb24e3f0,0x00000000fe780000)
  to   space 100864K, 0% used [0x00000000f2280000,0x00000000f2280000,0x00000000f8500000)
 ParOldGen       total 358400K, used 322132K [0x00000000a0000000, 0x00000000b5e00000, 0x00000000e0000000)
  object space 358400K, 89% used [0x00000000a0000000,0x00000000b3a951c0,0x00000000b5e00000)
 Metaspace       used 85054K, capacity 88852K, committed 88984K, reserved 1126400K
  class space    used 10330K, capacity 11045K, committed 11160K, reserved 1048576K
GC Heap History (10 events):
Event: 3607.105 GC heap before
{Heap before GC invocations=51 (full 5):
 PSYoungGen      total 386560K, used 265895K [0x00000000e0000000, 0x0000000100000000, 0x0000000100000000)
  eden space 265728K, 100% used [0x00000000e0000000,0x00000000f0380000,0x00000000f0380000)
  from space 120832K, 0% used [0x00000000f0380000,0x00000000f03a9fc0,0x00000000f7980000)
  to   space 123392K, 0% used [0x00000000f8780000,0x00000000f8780000,0x0000000100000000)
 ParOldGen       total 358400K, used 322068K [0x00000000a0000000, 0x00000000b5e00000, 0x00000000e0000000)
  object space 358400K, 89% used [0x00000000a0000000,0x00000000b3a851c0,0x00000000b5e00000)
 Metaspace       used 84586K, capacity 88312K, committed 88600K, reserved 1126400K
  class space    used 10320K, capacity 11031K, committed 11032K, reserved 1048576K
Event: 3607.144 GC heap after
Heap after GC invocations=51 (full 5):
 PSYoungGen      total 401408K, used 8039K [0x00000000e0000000, 0x0000000100000000, 0x0000000100000000)
  eden space 278016K, 0% used [0x00000000e0000000,0x00000000e0000000,0x00000000f0f80000)
  from space 123392K, 6% used [0x00000000f8780000,0x00000000f8f59fe0,0x0000000100000000)
  to   space 122880K, 0% used [0x00000000f0f80000,0x00000000f0f80000,0x00000000f8780000)
 ParOldGen       total 358400K, used 322100K [0x00000000a0000000, 0x00000000b5e00000, 0x00000000e0000000)
  object space 358400K, 89% used [0x00000000a0000000,0x00000000b3a8d1c0,0x00000000b5e00000)
 Metaspace       used 84586K, capacity 88312K, committed 88600K, reserved 1126400K
  class space    used 10320K, capacity 11031K, committed 11032K, reserved 1048576K
}
Event: 3612.782 GC heap before
{Heap before GC invocations=52 (full 5):
 PSYoungGen      total 401408K, used 286055K [0x00000000e0000000, 0x0000000100000000, 0x0000000100000000)
  eden space 278016K, 100% used [0x00000000e0000000,0x00000000f0f80000,0x00000000f0f80000)
  from space 123392K, 6% used [0x00000000f8780000,0x00000000f8f59fe0,0x0000000100000000)
  to   space 122880K, 0% used [0x00000000f0f80000,0x00000000f0f80000,0x00000000f8780000)
 ParOldGen       total 358400K, used 322100K [0x00000000a0000000, 0x00000000b5e00000, 0x00000000e0000000)
  object space 358400K, 89% used [0x00000000a0000000,0x00000000b3a8d1c0,0x00000000b5e00000)
 Metaspace       used 84710K, capacity 88384K, committed 88600K, reserved 1126400K
  class space    used 10322K, capacity 11031K, committed 11032K, reserved 1048576K
Event: 3612.833 GC heap after
Heap after GC invocations=52 (full 5):
 PSYoungGen      total 310272K, used 31975K [0x00000000e0000000, 0x00000000ff480000, 0x0000000100000000)
  eden space 278016K, 0% used [0x00000000e0000000,0x00000000e0000000,0x00000000f0f80000)
  from space 32256K, 99% used [0x00000000f0f80000,0x00000000f2eb9d18,0x00000000f2f00000)
  to   space 117248K, 0% used [0x00000000f8200000,0x00000000f8200000,0x00000000ff480000)
 ParOldGen       total 358400K, used 322108K [0x00000000a0000000, 0x00000000b5e00000, 0x00000000e0000000)
  object space 358400K, 89% used [0x00000000a0000000,0x00000000b3a8f1c0,0x00000000b5e00000)
 Metaspace       used 84710K, capacity 88384K, committed 88600K, reserved 1126400K
  class space    used 10322K, capacity 11031K, committed 11032K, reserved 1048576K
}
Event: 3620.228 GC heap before
{Heap before GC invocations=53 (full 5):
 PSYoungGen      total 310272K, used 309991K [0x00000000e0000000, 0x00000000ff480000, 0x0000000100000000)
  eden space 278016K, 100% used [0x00000000e0000000,0x00000000f0f80000,0x00000000f0f80000)
  from space 32256K, 99% used [0x00000000f0f80000,0x00000000f2eb9d18,0x00000000f2f00000)
  to   space 117248K, 0% used [0x00000000f8200000,0x00000000f8200000,0x00000000ff480000)
 ParOldGen       total 358400K, used 322108K [0x00000000a0000000, 0x00000000b5e00000, 0x00000000e0000000)
  object space 358400K, 89% used [0x00000000a0000000,0x00000000b3a8f1c0,0x00000000b5e00000)
 Metaspace       used 84834K, capacity 88524K, committed 88728K, reserved 1126400K
  class space    used 10323K, capacity 11033K, committed 11160K, reserved 1048576K
Event: 3620.263 GC heap after
Heap after GC invocations=53 (full 5):
 PSYoungGen      total 400384K, used 29444K [0x00000000e0000000, 0x00000000ffe00000, 0x0000000100000000)
  eden space 283136K, 0% used [0x00000000e0000000,0x00000000e0000000,0x00000000f1480000)
  from space 117248K, 25% used [0x00000000f8200000,0x00000000f9ec1250,0x00000000ff480000)
  to   space 112128K, 0% used [0x00000000f1480000,0x00000000f1480000,0x00000000f8200000)
 ParOldGen       total 358400K, used 322116K [0x00000000a0000000, 0x00000000b5e00000, 0x00000000e0000000)
  object space 358400K, 89% used [0x00000000a0000000,0x00000000b3a911c0,0x00000000b5e00000)
 Metaspace       used 84834K, capacity 88524K, committed 88728K, reserved 1126400K
  class space    used 10323K, capacity 11033K, committed 11160K, reserved 1048576K
}
Event: 3627.930 GC heap before
{Heap before GC invocations=54 (full 5):
 PSYoungGen      total 400384K, used 312580K [0x00000000e0000000, 0x00000000ffe00000, 0x0000000100000000)
  eden space 283136K, 100% used [0x00000000e0000000,0x00000000f1480000,0x00000000f1480000)
  from space 117248K, 25% used [0x00000000f8200000,0x00000000f9ec1250,0x00000000ff480000)
  to   space 112128K, 0% used [0x00000000f1480000,0x00000000f1480000,0x00000000f8200000)
 ParOldGen       total 358400K, used 322116K [0x00000000a0000000, 0x00000000b5e00000, 0x00000000e0000000)
  object space 358400K, 89% used [0x00000000a0000000,0x00000000b3a911c0,0x00000000b5e00000)
 Metaspace       used 84988K, capacity 88706K, committed 88984K, reserved 1126400K
  class space    used 10328K, capacity 11042K, committed 11160K, reserved 1048576K
Event: 3627.964 GC heap after
Heap after GC invocations=54 (full 5):
 PSYoungGen      total 395264K, used 30768K [0x00000000e0000000, 0x00000000ff100000, 0x0000000100000000)
  eden space 283136K, 0% used [0x00000000e0000000,0x00000000e0000000,0x00000000f1480000)
  from space 112128K, 27% used [0x00000000f1480000,0x00000000f328c368,0x00000000f8200000)
  to   space 107008K, 0% used [0x00000000f8880000,0x00000000f8880000,0x00000000ff100000)
 ParOldGen       total 358400K, used 322124K [0x00000000a0000000, 0x00000000b5e00000, 0x00000000e0000000)
  object space 358400K, 89% used [0x00000000a0000000,0x00000000b3a931c0,0x00000000b5e00000)
 Metaspace       used 84988K, capacity 88706K, committed 88984K, reserved 1126400K
  class space    used 10328K, capacity 11042K, committed 11160K, reserved 1048576K
}
Event: 3637.572 GC heap before
{Heap before GC invocations=55 (full 5):
 PSYoungGen      total 395264K, used 313904K [0x00000000e0000000, 0x00000000ff100000, 0x0000000100000000)
  eden space 283136K, 100% used [0x00000000e0000000,0x00000000f1480000,0x00000000f1480000)
  from space 112128K, 27% used [0x00000000f1480000,0x00000000f328c368,0x00000000f8200000)
  to   space 107008K, 0% used [0x00000000f8880000,0x00000000f8880000,0x00000000ff100000)
 ParOldGen       total 358400K, used 322124K [0x00000000a0000000, 0x00000000b5e00000, 0x00000000e0000000)
  object space 358400K, 89% used [0x00000000a0000000,0x00000000b3a931c0,0x00000000b5e00000)
 Metaspace       used 85051K, capacity 88852K, committed 88984K, reserved 1126400K
  class space    used 10330K, capacity 11045K, committed 11160K, reserved 1048576K
Event: 3637.617 GC heap after
Heap after GC invocations=55 (full 5):
 PSYoungGen      total 394752K, used 42808K [0x00000000e0000000, 0x00000000fe780000, 0x0000000100000000)
  eden space 297472K, 0% used [0x00000000e0000000,0x00000000e0000000,0x00000000f2280000)
  from space 97280K, 44% used [0x00000000f8880000,0x00000000fb24e3f0,0x00000000fe780000)
  to   space 100864K, 0% used [0x00000000f2280000,0x00000000f2280000,0x00000000f8500000)
 ParOldGen       total 358400K, used 322132K [0x00000000a0000000, 0x00000000b5e00000, 0x00000000e0000000)
  object space 358400K, 89% used [0x00000000a0000000,0x00000000b3a951c0,0x00000000b5e00000)
 Metaspace       used 85051K, capacity 88852K, committed 88984K, reserved 1126400K
  class space    used 10330K, capacity 11045K, committed 11160K, reserved 1048576K
}

